<?xml version="1.0" encoding="UTF-8"?>
<testsuite name="com.bci.bci_demo.BciDemoApplicationTests" tests="1" skipped="0" failures="0" errors="0" timestamp="2022-08-02T13:57:23" hostname="eze-lln-b02903" time="0.026">
  <properties/>
  <testcase name="contextLoads()" classname="com.bci.bci_demo.BciDemoApplicationTests" time="0.026"/>
  <system-out><![CDATA[]]></system-out>
  <system-err><![CDATA[]]></system-err>
</testsuite>
